
> server@1.0.0 start
> nodemon index.js

[33m[nodemon] 2.0.22[39m
[33m[nodemon] to restart at any time, enter `rs`[39m
[33m[nodemon] watching path(s): *.*[39m
[33m[nodemon] watching extensions: js,mjs,json[39m
[32m[nodemon] starting `node index.js`[39m
server is running
Connected to MongoDB
[32m[nodemon] restarting due to changes...[39m
[32m[nodemon] starting `node index.js`[39m
server is running
Connected to MongoDB
[32m[nodemon] restarting due to changes...[39m
[32m[nodemon] starting `node index.js`[39m
server is running
Connected to MongoDB

> server@1.0.0 start
> nodemon index.js

[33m[nodemon] 2.0.22[39m
[33m[nodemon] to restart at any time, enter `rs`[39m
[33m[nodemon] watching path(s): *.*[39m
[33m[nodemon] watching extensions: js,mjs,json[39m
[32m[nodemon] starting `node index.js`[39m
server is running
Connected to MongoDB
[32m[nodemon] restarting due to changes...[39m
[32m[nodemon] starting `node index.js`[39m
server is running
Connected to MongoDB

> server@1.0.0 start
> nodemon index.js

[33m[nodemon] 2.0.22[39m
[33m[nodemon] to restart at any time, enter `rs`[39m
[33m[nodemon] watching path(s): *.*[39m
[33m[nodemon] watching extensions: js,mjs,json[39m
[32m[nodemon] starting `node index.js`[39m
server is running
Connected to MongoDB
[32m[nodemon] restarting due to changes...[39m
[32m[nodemon] starting `node index.js`[39m
server is running
Connected to MongoDB

> server@1.0.0 start
> nodemon index.js

[33m[nodemon] 2.0.22[39m
[33m[nodemon] to restart at any time, enter `rs`[39m
[33m[nodemon] watching path(s): *.*[39m
[33m[nodemon] watching extensions: js,mjs,json[39m
[32m[nodemon] starting `node index.js`[39m
server is running
Connected to MongoDB
[32m[nodemon] restarting due to changes...[39m
[32m[nodemon] starting `node index.js`[39m
[31m[nodemon] app crashed - waiting for file changes before starting...[39m
[32m[nodemon] restarting due to changes...[39m
[32m[nodemon] starting `node index.js`[39m
server is running
Connected to MongoDB
[32m[nodemon] restarting due to changes...[39m
[32m[nodemon] starting `node index.js`[39m
server is running
Connected to MongoDB

> server@1.0.0 start
> nodemon index.js

[33m[nodemon] 2.0.22[39m
[33m[nodemon] to restart at any time, enter `rs`[39m
[33m[nodemon] watching path(s): *.*[39m
[33m[nodemon] watching extensions: js,mjs,json[39m
[32m[nodemon] starting `node index.js`[39m
Server is running on port 3001
Connected to MongoDB
[32m[nodemon] restarting due to changes...[39m
[32m[nodemon] starting `node index.js`[39m
Server is running on port 3001
Connected to MongoDB
[31m[nodemon] app crashed - waiting for file changes before starting...[39m
